2015-12-09 11:37:18 Error: [Cake\Routing\Exception\MissingControllerException] Controller class Index could not be found.
Exception Attributes: array (
  'class' => 'Index',
  'plugin' => NULL,
  'prefix' => NULL,
  '_ext' => NULL,
)
Request URL: /blog/index
Stack Trace:
#0 E:\php\wamp\www\blog\webroot\index.php(37): Cake\Routing\Dispatcher->dispatch(Object(Cake\Network\Request), Object(Cake\Network\Response))
#1 {main}


2015-12-09 12:56:46 Error: [Cake\Routing\Exception\MissingControllerException] Controller class Articles could not be found.
Exception Attributes: array (
  'class' => 'Articles',
  'plugin' => NULL,
  'prefix' => NULL,
  '_ext' => NULL,
)
Request URL: /blog/
Stack Trace:
#0 E:\php\wamp\www\blog\webroot\index.php(37): Cake\Routing\Dispatcher->dispatch(Object(Cake\Network\Request), Object(Cake\Network\Response))
#1 {main}


2015-12-09 12:57:48 Error: [Cake\Routing\Exception\MissingControllerException] Controller class Articles could not be found.
Exception Attributes: array (
  'class' => 'Articles',
  'plugin' => NULL,
  'prefix' => NULL,
  '_ext' => NULL,
)
Request URL: /blog/
Stack Trace:
#0 E:\php\wamp\www\blog\webroot\index.php(37): Cake\Routing\Dispatcher->dispatch(Object(Cake\Network\Request), Object(Cake\Network\Response))
#1 {main}


2015-12-09 13:04:05 Error: [Cake\Routing\Exception\MissingControllerException] Controller class Articles could not be found.
Exception Attributes: array (
  'class' => 'Articles',
  'plugin' => NULL,
  'prefix' => NULL,
  '_ext' => NULL,
)
Request URL: /blog/
Stack Trace:
#0 E:\php\wamp\www\blog\webroot\index.php(37): Cake\Routing\Dispatcher->dispatch(Object(Cake\Network\Request), Object(Cake\Network\Response))
#1 {main}


2015-12-10 00:47:46 Error: [Cake\Routing\Exception\MissingControllerException] Controller class Articles could not be found.
Exception Attributes: array (
  'class' => 'Articles',
  'plugin' => NULL,
  'prefix' => NULL,
  '_ext' => NULL,
)
Request URL: /blog/
Stack Trace:
#0 E:\php\wamp\www\blog\webroot\index.php(37): Cake\Routing\Dispatcher->dispatch(Object(Cake\Network\Request), Object(Cake\Network\Response))
#1 {main}


2015-12-10 01:34:06 Error: [Cake\Routing\Exception\MissingControllerException] Controller class Add could not be found.
Exception Attributes: array (
  'class' => 'Add',
  'plugin' => NULL,
  'prefix' => NULL,
  '_ext' => NULL,
)
Request URL: /blog/add
Stack Trace:
#0 E:\php\wamp\www\blog\webroot\index.php(37): Cake\Routing\Dispatcher->dispatch(Object(Cake\Network\Request), Object(Cake\Network\Response))
#1 {main}


2015-12-10 01:34:24 Error: [Cake\Routing\Exception\MissingControllerException] Controller class Usersadd could not be found.
Exception Attributes: array (
  'class' => 'Usersadd',
  'plugin' => NULL,
  'prefix' => NULL,
  '_ext' => NULL,
)
Request URL: /blog/usersadd
Stack Trace:
#0 E:\php\wamp\www\blog\webroot\index.php(37): Cake\Routing\Dispatcher->dispatch(Object(Cake\Network\Request), Object(Cake\Network\Response))
#1 {main}


2015-12-10 02:05:04 Error: [Cake\Routing\Exception\MissingControllerException] Controller class Login could not be found.
Exception Attributes: array (
  'class' => 'Login',
  'plugin' => NULL,
  'prefix' => NULL,
  '_ext' => NULL,
)
Request URL: /blog/login
Stack Trace:
#0 E:\php\wamp\www\blog\webroot\index.php(37): Cake\Routing\Dispatcher->dispatch(Object(Cake\Network\Request), Object(Cake\Network\Response))
#1 {main}


2015-12-10 02:05:27 Error: [Cake\Routing\Exception\MissingControllerException] Controller class Userslogin could not be found.
Exception Attributes: array (
  'class' => 'Userslogin',
  'plugin' => NULL,
  'prefix' => NULL,
  '_ext' => NULL,
)
Request URL: /blog/userslogin
Stack Trace:
#0 E:\php\wamp\www\blog\webroot\index.php(37): Cake\Routing\Dispatcher->dispatch(Object(Cake\Network\Request), Object(Cake\Network\Response))
#1 {main}


2015-12-10 02:05:33 Error: [Cake\Routing\Exception\MissingControllerException] Controller class Userlogin could not be found.
Exception Attributes: array (
  'class' => 'Userlogin',
  'plugin' => NULL,
  'prefix' => NULL,
  '_ext' => NULL,
)
Request URL: /blog/userlogin
Stack Trace:
#0 E:\php\wamp\www\blog\webroot\index.php(37): Cake\Routing\Dispatcher->dispatch(Object(Cake\Network\Request), Object(Cake\Network\Response))
#1 {main}


2015-12-10 02:05:44 Error: [Cake\Routing\Exception\MissingControllerException] Controller class User could not be found.
Exception Attributes: array (
  'class' => 'User',
  'plugin' => NULL,
  'prefix' => NULL,
  '_ext' => NULL,
)
Request URL: /blog/user/login
Stack Trace:
#0 E:\php\wamp\www\blog\webroot\index.php(37): Cake\Routing\Dispatcher->dispatch(Object(Cake\Network\Request), Object(Cake\Network\Response))
#1 {main}


